<?xml version="1.0" encoding="UTF-8"?>
<robot generator="Robot 7.5 (Python 3.14.7 on win32)" generated="2026-09-22T18:58:15.947175" rpa="false" schemaversion="5">
<suite id="s1" name="TestCase2" source="C:\Users\Administrator\PycharmProjects\RobotPractice\Practice\TestCase2.robot">
<test id="s1-t1" name="TEST2" line="6">
<kw name="Log" owner="BuiltIn">
<msg time="2026-09-22T18:58:15.998486" level="INFO">This is my 2nd Test case</msg>
<arg>This is my 2nd Test case</arg>
<doc>Logs the given message with the given level.</doc>
<status status="PASS" start="2026-09-22T18:58:15.998028" elapsed="0.000558"/>
</kw>
<status status="PASS" start="2026-09-22T18:58:15.996893" elapsed="0.002173"/>
</test>
<status status="PASS" start="2026-09-22T18:58:15.948780" elapsed="0.051043"/>
</suite>
<statistics>
<total>
<stat pass="1" fail="0" skip="0">All Tests</stat>
</total>
<tag>
</tag>
<suite>
<stat name="TestCase2" id="s1" pass="1" fail="0" skip="0">TestCase2</stat>
</suite>
</statistics>
<errors>
</errors>
</robot>
